mode: set
github.com/OmSingh2003/simple-bank/main.go:13.13,15.16 2 0
github.com/OmSingh2003/simple-bank/main.go:15.16,17.3 1 0
github.com/OmSingh2003/simple-bank/main.go:19.2,20.16 2 0
github.com/OmSingh2003/simple-bank/main.go:20.16,22.3 1 0
github.com/OmSingh2003/simple-bank/main.go:24.2,28.16 4 0
github.com/OmSingh2003/simple-bank/main.go:28.16,30.3 1 0
github.com/OmSingh2003/simple-bank/util/config.go:14.57,22.16 6 0
github.com/OmSingh2003/simple-bank/util/config.go:22.16,24.3 1 0
github.com/OmSingh2003/simple-bank/util/config.go:26.2,27.8 2 0
github.com/OmSingh2003/simple-bank/util/random.go:11.13,13.2 1 0
github.com/OmSingh2003/simple-bank/util/random.go:16.38,18.2 1 0
github.com/OmSingh2003/simple-bank/util/random.go:21.33,25.25 3 0
github.com/OmSingh2003/simple-bank/util/random.go:25.25,28.3 2 0
github.com/OmSingh2003/simple-bank/util/random.go:29.2,29.20 1 0
github.com/OmSingh2003/simple-bank/util/random.go:33.27,35.2 1 0
github.com/OmSingh2003/simple-bank/util/random.go:37.26,39.2 1 0
github.com/OmSingh2003/simple-bank/util/random.go:41.30,45.2 3 0
github.com/OmSingh2003/simple-bank/db/mockdb/store.go:33.55,37.2 3 0
github.com/OmSingh2003/simple-bank/db/mockdb/store.go:40.53,42.2 1 0
github.com/OmSingh2003/simple-bank/db/mockdb/store.go:45.112,51.2 5 0
github.com/OmSingh2003/simple-bank/db/mockdb/store.go:54.79,57.2 2 0
github.com/OmSingh2003/simple-bank/db/mockdb/store.go:60.104,66.2 5 0
github.com/OmSingh2003/simple-bank/db/mockdb/store.go:69.75,72.2 2 0
github.com/OmSingh2003/simple-bank/db/mockdb/store.go:75.98,81.2 5 0
github.com/OmSingh2003/simple-bank/db/mockdb/store.go:84.73,87.2 2 0
github.com/OmSingh2003/simple-bank/db/mockdb/store.go:90.107,96.2 5 0
github.com/OmSingh2003/simple-bank/db/mockdb/store.go:99.76,102.2 2 0
github.com/OmSingh2003/simple-bank/db/mockdb/store.go:105.72,110.2 4 0
github.com/OmSingh2003/simple-bank/db/mockdb/store.go:113.74,116.2 2 0
github.com/OmSingh2003/simple-bank/db/mockdb/store.go:119.83,125.2 5 0
github.com/OmSingh2003/simple-bank/db/mockdb/store.go:128.71,131.2 2 0
github.com/OmSingh2003/simple-bank/db/mockdb/store.go:134.79,140.2 5 0
github.com/OmSingh2003/simple-bank/db/mockdb/store.go:143.69,146.2 2 0
github.com/OmSingh2003/simple-bank/db/mockdb/store.go:149.85,155.2 5 0
github.com/OmSingh2003/simple-bank/db/mockdb/store.go:158.72,161.2 2 0
github.com/OmSingh2003/simple-bank/db/mockdb/store.go:164.104,170.2 5 0
github.com/OmSingh2003/simple-bank/db/mockdb/store.go:173.74,176.2 2 0
github.com/OmSingh2003/simple-bank/db/mockdb/store.go:179.100,185.2 5 0
github.com/OmSingh2003/simple-bank/db/mockdb/store.go:188.73,191.2 2 0
github.com/OmSingh2003/simple-bank/db/mockdb/store.go:194.107,200.2 5 0
github.com/OmSingh2003/simple-bank/db/mockdb/store.go:203.75,206.2 2 0
github.com/OmSingh2003/simple-bank/db/mockdb/store.go:209.107,215.2 5 0
github.com/OmSingh2003/simple-bank/db/mockdb/store.go:218.72,221.2 2 0
github.com/OmSingh2003/simple-bank/db/mockdb/store.go:224.90,229.2 4 0
github.com/OmSingh2003/simple-bank/db/mockdb/store.go:232.75,235.2 2 0
github.com/OmSingh2003/simple-bank/db/sqlc/account.sql.go:24.104,35.2 4 1
github.com/OmSingh2003/simple-bank/db/sqlc/account.sql.go:52.96,63.2 4 1
github.com/OmSingh2003/simple-bank/db/sqlc/account.sql.go:70.70,73.2 2 0
github.com/OmSingh2003/simple-bank/db/sqlc/account.sql.go:80.78,91.2 4 1
github.com/OmSingh2003/simple-bank/db/sqlc/account.sql.go:105.96,107.16 2 0
github.com/OmSingh2003/simple-bank/db/sqlc/account.sql.go:107.16,109.3 1 0
github.com/OmSingh2003/simple-bank/db/sqlc/account.sql.go:110.2,112.18 3 0
github.com/OmSingh2003/simple-bank/db/sqlc/account.sql.go:112.18,120.17 2 0
github.com/OmSingh2003/simple-bank/db/sqlc/account.sql.go:120.17,122.4 1 0
github.com/OmSingh2003/simple-bank/db/sqlc/account.sql.go:123.3,123.27 1 0
github.com/OmSingh2003/simple-bank/db/sqlc/account.sql.go:125.2,125.37 1 0
github.com/OmSingh2003/simple-bank/db/sqlc/account.sql.go:125.37,127.3 1 0
github.com/OmSingh2003/simple-bank/db/sqlc/account.sql.go:128.2,128.35 1 0
github.com/OmSingh2003/simple-bank/db/sqlc/account.sql.go:128.35,130.3 1 0
github.com/OmSingh2003/simple-bank/db/sqlc/account.sql.go:131.2,131.19 1 0
github.com/OmSingh2003/simple-bank/db/sqlc/account.sql.go:145.85,148.2 2 0
github.com/OmSingh2003/simple-bank/db/sqlc/db.go:19.28,21.2 1 1
github.com/OmSingh2003/simple-bank/db/sqlc/db.go:27.47,31.2 1 0
github.com/OmSingh2003/simple-bank/db/sqlc/entries.sql.go:26.90,36.2 4 1
github.com/OmSingh2003/simple-bank/db/sqlc/entries.sql.go:43.74,53.2 4 1
github.com/OmSingh2003/simple-bank/db/sqlc/entries.sql.go:69.92,71.16 2 1
github.com/OmSingh2003/simple-bank/db/sqlc/entries.sql.go:71.16,73.3 1 0
github.com/OmSingh2003/simple-bank/db/sqlc/entries.sql.go:74.2,76.18 3 1
github.com/OmSingh2003/simple-bank/db/sqlc/entries.sql.go:76.18,83.17 2 1
github.com/OmSingh2003/simple-bank/db/sqlc/entries.sql.go:83.17,85.4 1 0
github.com/OmSingh2003/simple-bank/db/sqlc/entries.sql.go:86.3,86.27 1 1
github.com/OmSingh2003/simple-bank/db/sqlc/entries.sql.go:88.2,88.37 1 1
github.com/OmSingh2003/simple-bank/db/sqlc/entries.sql.go:88.37,90.3 1 0
github.com/OmSingh2003/simple-bank/db/sqlc/entries.sql.go:91.2,91.35 1 1
github.com/OmSingh2003/simple-bank/db/sqlc/entries.sql.go:91.35,93.3 1 0
github.com/OmSingh2003/simple-bank/db/sqlc/entries.sql.go:94.2,94.19 1 1
github.com/OmSingh2003/simple-bank/db/sqlc/store.go:21.33,26.2 1 1
github.com/OmSingh2003/simple-bank/db/sqlc/store.go:29.83,31.16 2 1
github.com/OmSingh2003/simple-bank/db/sqlc/store.go:31.16,33.3 1 0
github.com/OmSingh2003/simple-bank/db/sqlc/store.go:35.2,37.16 3 1
github.com/OmSingh2003/simple-bank/db/sqlc/store.go:37.16,38.43 1 0
github.com/OmSingh2003/simple-bank/db/sqlc/store.go:38.43,40.4 1 0
github.com/OmSingh2003/simple-bank/db/sqlc/store.go:41.3,41.13 1 0
github.com/OmSingh2003/simple-bank/db/sqlc/store.go:44.2,44.20 1 1
github.com/OmSingh2003/simple-bank/db/sqlc/store.go:65.104,68.50 2 1
github.com/OmSingh2003/simple-bank/db/sqlc/store.go:68.50,77.17 3 1
github.com/OmSingh2003/simple-bank/db/sqlc/store.go:77.17,79.4 1 0
github.com/OmSingh2003/simple-bank/db/sqlc/store.go:82.3,86.17 2 1
github.com/OmSingh2003/simple-bank/db/sqlc/store.go:86.17,88.4 1 0
github.com/OmSingh2003/simple-bank/db/sqlc/store.go:90.3,94.17 2 1
github.com/OmSingh2003/simple-bank/db/sqlc/store.go:94.17,96.4 1 0
github.com/OmSingh2003/simple-bank/db/sqlc/store.go:101.3,101.42 1 1
github.com/OmSingh2003/simple-bank/db/sqlc/store.go:101.42,106.18 2 1
github.com/OmSingh2003/simple-bank/db/sqlc/store.go:106.18,108.5 1 0
github.com/OmSingh2003/simple-bank/db/sqlc/store.go:110.4,113.6 1 1
github.com/OmSingh2003/simple-bank/db/sqlc/store.go:114.9,119.18 2 1
github.com/OmSingh2003/simple-bank/db/sqlc/store.go:119.18,121.5 1 0
github.com/OmSingh2003/simple-bank/db/sqlc/store.go:123.4,126.6 1 1
github.com/OmSingh2003/simple-bank/db/sqlc/store.go:128.3,128.13 1 1
github.com/OmSingh2003/simple-bank/db/sqlc/store.go:131.2,131.20 1 1
github.com/OmSingh2003/simple-bank/db/sqlc/transfers.sql.go:28.99,39.2 4 1
github.com/OmSingh2003/simple-bank/db/sqlc/transfers.sql.go:46.80,57.2 4 1
github.com/OmSingh2003/simple-bank/db/sqlc/transfers.sql.go:76.99,83.16 2 1
github.com/OmSingh2003/simple-bank/db/sqlc/transfers.sql.go:83.16,85.3 1 0
github.com/OmSingh2003/simple-bank/db/sqlc/transfers.sql.go:86.2,88.18 3 1
github.com/OmSingh2003/simple-bank/db/sqlc/transfers.sql.go:88.18,96.17 2 1
github.com/OmSingh2003/simple-bank/db/sqlc/transfers.sql.go:96.17,98.4 1 0
github.com/OmSingh2003/simple-bank/db/sqlc/transfers.sql.go:99.3,99.27 1 1
github.com/OmSingh2003/simple-bank/db/sqlc/transfers.sql.go:101.2,101.37 1 1
github.com/OmSingh2003/simple-bank/db/sqlc/transfers.sql.go:101.37,103.3 1 0
github.com/OmSingh2003/simple-bank/db/sqlc/transfers.sql.go:104.2,104.35 1 1
github.com/OmSingh2003/simple-bank/db/sqlc/transfers.sql.go:104.35,106.3 1 0
github.com/OmSingh2003/simple-bank/db/sqlc/transfers.sql.go:107.2,107.19 1 1
github.com/OmSingh2003/simple-bank/api/account.go:24.55,26.49 2 0
github.com/OmSingh2003/simple-bank/api/account.go:26.49,29.3 2 0
github.com/OmSingh2003/simple-bank/api/account.go:31.2,38.16 3 0
github.com/OmSingh2003/simple-bank/api/account.go:38.16,41.3 2 0
github.com/OmSingh2003/simple-bank/api/account.go:43.2,43.34 1 0
github.com/OmSingh2003/simple-bank/api/account.go:46.52,48.48 2 1
github.com/OmSingh2003/simple-bank/api/account.go:48.48,51.3 2 0
github.com/OmSingh2003/simple-bank/api/account.go:53.2,54.16 2 1
github.com/OmSingh2003/simple-bank/api/account.go:54.16,55.27 1 0
github.com/OmSingh2003/simple-bank/api/account.go:55.27,58.4 2 0
github.com/OmSingh2003/simple-bank/api/account.go:59.3,60.9 2 0
github.com/OmSingh2003/simple-bank/api/account.go:63.2,63.34 1 1
github.com/OmSingh2003/simple-bank/api/account.go:65.53,67.50 2 0
github.com/OmSingh2003/simple-bank/api/account.go:67.50,70.3 2 0
github.com/OmSingh2003/simple-bank/api/account.go:71.2,76.16 3 0
github.com/OmSingh2003/simple-bank/api/account.go:76.16,79.3 2 0
github.com/OmSingh2003/simple-bank/api/account.go:81.2,81.35 1 0
github.com/OmSingh2003/simple-bank/api/server.go:17.40,26.2 7 1
github.com/OmSingh2003/simple-bank/api/server.go:29.51,31.2 1 0
github.com/OmSingh2003/simple-bank/api/server.go:33.37,35.2 1 0
github.com/OmSingh2003/simple-bank/api/server.go:38.73,40.2 1 1
